Arguments: 
  /Users/kelz/.nvm/versions/node/v6.10.2/bin/node /usr/local/Cellar/yarn/1.5.1_1/libexec/bin/yarn.js knex seed:run

PATH: 
  /Library/Frameworks/Python.framework/Versions/3.6/bin:/Users/kelz/.nvm/versions/node/v6.10.2/bin:/usr/local/bin:/usr/bin:/bin:/usr/sbin:/sbin

Yarn version: 
  1.5.1

Node version: 
  6.10.2

Platform: 
  darwin x64

npm manifest: 
  {
    "name": "boilerplate-react-webpack",
    "version": "0.1.1",
    "description": "A webpack React starter",
    "repository": "https://github.com/dev-academy-challenges/boilerplate-react-webpack.git",
    "main": "server/index.js",
    "scripts": {
      "dev": "nodemon --watch server server/index & webpack --watch",
      "start": "node server/index",
      "test": "ava  -v 'test/**/*.test.js'",
      "watch": "nodemon -e js,jsx -x npm test",
      "knex": "knex"
    },
    "ava": {
      "require": "babel-register",
      "babel": "inherit"
    },
    "babel": {
      "presets": [
        "es2015",
        "react",
        "stage-0"
      ]
    },
    "author": "EDA",
    "license": "ISC",
    "devDependencies": {
      "ava": "^0.19.1",
      "babel-core": "^6.24.1",
      "babel-loader": "^6.4.1",
      "babel-preset-es2015": "^6.24.1",
      "babel-preset-react": "^6.24.1",
      "babel-preset-stage-0": "^6.24.1",
      "babel-register": "^6.24.1",
      "enzyme": "^2.8.2",
      "jsdom": "^11.0.0",
      "jsx-loader": "^0.13.2",
      "nodemon": "^1.11.0",
      "react": "^15.5.4",
      "react-dom": "^15.5.4",
      "react-test-renderer": "^15.5.4",
      "sqlite3": "^3.1.8",
      "supertest": "^3.0.0",
      "webpack": "^2.3.3",
      "webpack-dev-server": "^2.4.2"
    },
    "dependencies": {
      "body-parser": "^1.15.2",
      "cors": "^2.8.3",
      "express": "^4.14.0",
      "knex": "^0.13.0",
      "pg": "^6.2.3",
      "react-redux": "^5.0.5",
      "react-router-dom": "^4.1.1",
      "redux": "^3.6.0",
      "redux-thunk": "^2.2.0",
      "superagent": "^2.2.0"
    }
  }

yarn manifest: 
  No manifest

Lockfile: 
  No lockfile

Trace: 
  Error: Command failed.
  Exit code: 1
  Command: sh
  Arguments: -c knex seed:run
  Directory: /Users/kelz/workspace/eda-cheatsheet-v3
  Output:
  
      at ProcessTermError.Error (native)
      at ProcessTermError.MessageError (/usr/local/Cellar/yarn/1.5.1_1/libexec/lib/cli.js:186:110)
      at new ProcessTermError (/usr/local/Cellar/yarn/1.5.1_1/libexec/lib/cli.js:226:113)
      at ChildProcess.<anonymous> (/usr/local/Cellar/yarn/1.5.1_1/libexec/lib/cli.js:30281:17)
      at emitTwo (events.js:106:13)
      at ChildProcess.emit (events.js:191:7)
      at maybeClose (internal/child_process.js:886:16)
      at Process.ChildProcess._handle.onexit (internal/child_process.js:226:5)
